<?xml version="1.0" encoding="UTF-8"?>
<testsuite name="TechnoBuffTest" tests="4" skipped="0" failures="0" errors="0" timestamp="2022-11-10T16:45:02" hostname="DESKTOP-H71NKJ0" time="0.07">
  <properties/>
  <testcase name="shouldCheckForPositiveValueOfHra()" classname="TechnoBuffTest" time="0.052"/>
  <testcase name="shouldThrowIllegalArgumentExceptionWhenHraIsNegative()" classname="TechnoBuffTest" time="0.007"/>
  <testcase name="shouldThrowIllegalArgumentExceptionWhenBonusIsNegative()" classname="TechnoBuffTest" time="0.004"/>
  <testcase name="shouldCheckForPositiveValueOfBonus()" classname="TechnoBuffTest" time="0.002"/>
  <system-out><![CDATA[]]></system-out>
  <system-err><![CDATA[]]></system-err>
</testsuite>
